<?xml version="1.0" encoding="UTF-8"?>
<testsuite name="prime_factors.GeneratorTest" tests="8" skipped="0" failures="0" errors="0" timestamp="2016-01-26T19:22:05" hostname="SKOW101155" time="0.004">
  <properties/>
  <testcase name="testOne" classname="prime_factors.GeneratorTest" time="0.002"/>
  <testcase name="testSix" classname="prime_factors.GeneratorTest" time="0.0"/>
  <testcase name="testTwo" classname="prime_factors.GeneratorTest" time="0.0"/>
  <testcase name="testEight" classname="prime_factors.GeneratorTest" time="0.0"/>
  <testcase name="testThree" classname="prime_factors.GeneratorTest" time="0.0"/>
  <testcase name="testFour" classname="prime_factors.GeneratorTest" time="0.0"/>
  <testcase name="testNine" classname="prime_factors.GeneratorTest" time="0.0"/>
  <testcase name="testfourteen" classname="prime_factors.GeneratorTest" time="0.0"/>
  <system-out><![CDATA[]]></system-out>
  <system-err><![CDATA[]]></system-err>
</testsuite>
